[+] Containers:
 |- [+] Container: /Game/FirstPerson/Maps/FirstPersonMap
 |   |- [+] ActorDescs:
 |   |   |- Guid:13070C314A1CE2AA1B6B26A45733B185 BaseClass: NativeClass:/Script/Engine.StaticMeshActor Name:StaticMeshActor_UAID_088FC366BE09C63002_1593321069 Label:Box20 SpatiallyLoaded:1 Bounds:IsValid=true, Min=(X=880.000 Y=260.000 Z=30.000), Max=(X=1180.000 Y=280.000 Z=380.000) RuntimeGrid:None EditorOnly:0 RuntimeOnly:0 HLODRelevant:1 ListedInSceneOutliner:1 IsMainWorldOnly:0
 |   |   |- Guid:139F012749DE5764CCB18FB0D6625E56 BaseClass: NativeClass:/Script/Engine.StaticMeshActor Name:StaticMeshActor_UAID_088FC366BE091E2F02_1199472407 Label:Box2 SpatiallyLoaded:1 Bounds:IsValid=true, Min=(X=-1200.000 Y=580.000 Z=30.000), Max=(X=1200.000 Y=600.000 Z=380.000) RuntimeGrid:None EditorOnly:0 RuntimeOnly:0 HLODRelevant:1 ListedInSceneOutliner:1 IsMainWorldOnly:0 FolderPath:Map FolderGuid:71100F444C781E2ADAF1D38D1B722569
 |   |   |- Guid:24329D4E481EA26F9BF12089BDE2337F BaseClass: NativeClass:/Script/Engine.StaticMeshActor Name:StaticMeshActor_UAID_088FC366BE09322F02_1731134930 Label:Box4 SpatiallyLoaded:1 Bounds:IsValid=true, Min=(X=-1185.000 Y=100.000 Z=30.000), Max=(X=-605.000 Y=120.000 Z=380.000) RuntimeGrid:None EditorOnly:0 RuntimeOnly:0 HLODRelevant:1 ListedInSceneOutliner:1 IsMainWorldOnly:0 FolderPath:Map FolderGuid:71100F444C781E2ADAF1D38D1B722569
 |   |   |- Guid:2766377843BBC95BC993A39986351EE1 BaseClass: NativeClass:/Script/Engine.StaticMeshActor Name:StaticMeshActor_UAID_088FC366BE09C63002_1600858070 Label:Box21 SpatiallyLoaded:1 Bounds:IsValid=true, Min=(X=880.000 Y=-290.000 Z=30.000), Max=(X=1180.000 Y=-270.000 Z=380.000) RuntimeGrid:None EditorOnly:0 RuntimeOnly:0 HLODRelevant:1 ListedInSceneOutliner:1 IsMainWorldOnly:0
 |   |   |- Guid:321359A44805A6A379628B8C485D002E BaseClass: NativeClass:/Script/Engine.StaticMeshActor Name:StaticMeshActor_UAID_088FC366BE09322F02_2029794931 Label:Stairs SpatiallyLoaded:1 Bounds:IsValid=true, Min=(X=-420.000 Y=-565.000 Z=19.568), Max=(X=-80.000 Y=565.000 Z=420.432) RuntimeGrid:None EditorOnly:0 RuntimeOnly:0 HLODRelevant:1 ListedInSceneOutliner:1 IsMainWorldOnly:0 FolderPath:Map FolderGuid:71100F444C781E2ADAF1D38D1B722569
 |   |   |- Guid:32C6C6F2423103962DBEBEB968D5D0FF BaseClass: NativeClass:/Script/Engine.SkeletalMeshActor Name:SkeletalMeshActor_UAID_088FC366BE09182F02_1337396351 Label:SK_Mannequin_Arms_Skeleton SpatiallyLoaded:1 Bounds:IsValid=true, Min=(X=-388.185 Y=258.130 Z=117.732), Max=(X=-271.815 Y=300.067 Z=182.063) RuntimeGrid:None EditorOnly:0 RuntimeOnly:0 HLODRelevant:0 ListedInSceneOutliner:1 IsMainWorldOnly:0 FolderPath:Player FolderGuid:0E9829E94D4A3D2EFD85049C9C43D45B
 |   |   |- Guid:36E81C1D43361A98A8B889BAD99830EA BaseClass: NativeClass:/Script/Engine.StaticMeshActor Name:StaticMeshActor_UAID_088FC366BE09C23002_2043759353 Label:Box9 SpatiallyLoaded:1 Bounds:IsValid=true, Min=(X=-1200.000 Y=580.000 Z=30.000), Max=(X=1200.000 Y=600.000 Z=380.000) RuntimeGrid:None EditorOnly:0 RuntimeOnly:0 HLODRelevant:1 ListedInSceneOutliner:1 IsMainWorldOnly:0 FolderPath:Map FolderGuid:71100F444C781E2ADAF1D38D1B722569
 |   |   |- Guid:475319CE43B9EB4410AA9EA42B6E8160 BaseClass: NativeClass:/Script/Engine.StaticMeshActor Name:StaticMeshActor_UAID_088FC366BE09C23002_1872305352 Label:Box8 SpatiallyLoaded:1 Bounds:IsValid=true, Min=(X=-600.000 Y=-400.000 Z=-930.000), Max=(X=-200.000 Y=400.000 Z=-890.000) RuntimeGrid:None EditorOnly:0 RuntimeOnly:0 HLODRelevant:1 ListedInSceneOutliner:1 IsMainWorldOnly:0 FolderPath:Map FolderGuid:71100F444C781E2ADAF1D38D1B722569
 |   |   |- Guid:4F70362D459578CD9BE72C9723B97B07 BaseClass: NativeClass:/Script/Engine.StaticMeshActor Name:StaticMeshActor_UAID_088FC366BE09C33002_1371851534 Label:Box13 SpatiallyLoaded:1 Bounds:IsValid=true, Min=(X=280.000 Y=-600.000 Z=-890.000), Max=(X=300.000 Y=600.000 Z=-540.000) RuntimeGrid:None EditorOnly:0 RuntimeOnly:0 HLODRelevant:1 ListedInSceneOutliner:1 IsMainWorldOnly:0 FolderPath:Map FolderGuid:71100F444C781E2ADAF1D38D1B722569
 |   |   |- Guid:512899484C32F0AEC9F346A127878F36 BaseClass: NativeClass:/Script/Engine.StaticMeshActor Name:StaticMeshActor_UAID_088FC366BE09BF3002_2037048800 Label:Box7 SpatiallyLoaded:1 Bounds:IsValid=true, Min=(X=-1200.000 Y=-600.000 Z=-910.000), Max=(X=-600.000 Y=600.000 Z=-890.000) RuntimeGrid:None EditorOnly:0 RuntimeOnly:0 HLODRelevant:1 ListedInSceneOutliner:1 IsMainWorldOnly:0 FolderPath:Map FolderGuid:71100F444C781E2ADAF1D38D1B722569
 |   |   |- Guid:5FE7584649BB6F09265329A6C57CFD0D BaseClass: NativeClass:/Script/Engine.VolumetricCloud Name:VolumetricCloud_0 Label:VolumetricCloud SpatiallyLoaded:0 Bounds:IsValid=true, Min=(X=0.000 Y=0.000 Z=820.000), Max=(X=0.000 Y=0.000 Z=820.000) RuntimeGrid:None EditorOnly:0 RuntimeOnly:0 HLODRelevant:0 ListedInSceneOutliner:1 IsMainWorldOnly:0 FolderPath:Lighting FolderGuid:0BA5F0A04EADB18E70D5B180D08FA34B
 |   |   |- Guid:61391D344900612A77DFC3BA3E354907 BaseClass: NativeClass:/Script/Engine.ExponentialHeightFog Name:ExponentialHeightFog_0 Label:ExponentialHeightFog SpatiallyLoaded:0 Bounds:IsValid=true, Min=(X=-5600.000 Y=-50.000 Z=-6850.000), Max=(X=-5600.000 Y=-50.000 Z=-6850.000) RuntimeGrid:None EditorOnly:0 RuntimeOnly:0 HLODRelevant:0 ListedInSceneOutliner:1 IsMainWorldOnly:0 FolderPath:Lighting FolderGuid:0BA5F0A04EADB18E70D5B180D08FA34B
 |   |   |- Guid:62469D85448CD02D2181728177D898A5 BaseClass: NativeClass:/Script/Engine.StaticMeshActor Name:StaticMeshActor_UAID_088FC366BE09332F02_1565950108 Label:Box5 SpatiallyLoaded:1 Bounds:IsValid=true, Min=(X=-610.000 Y=-585.000 Z=30.000), Max=(X=-590.000 Y=585.000 Z=380.000) RuntimeGrid:None EditorOnly:0 RuntimeOnly:0 HLODRelevant:1 ListedInSceneOutliner:1 IsMainWorldOnly:0 FolderPath:Map FolderGuid:71100F444C781E2ADAF1D38D1B722569
 |   |   |- Guid:65DE6B8C4FF3288EF38B97A73E2865DA BaseClass: NativeClass:/Script/Engine.StaticMeshActor Name:StaticMeshActor_UAID_088FC366BE09C03002_1584683980 Label:Cylinder SpatiallyLoaded:1 Bounds:IsValid=true, Min=(X=-305.000 Y=-455.000 Z=30.000), Max=(X=-195.000 Y=445.000 Z=420.000) RuntimeGrid:None EditorOnly:0 RuntimeOnly:0 HLODRelevant:1 ListedInSceneOutliner:1 IsMainWorldOnly:0 FolderPath:Map FolderGuid:71100F444C781E2ADAF1D38D1B722569
 |   |   |- Guid:6FC102284E8DF6B6F8281791254227E8 BaseClass: NativeClass:/Script/Engine.StaticMeshActor Name:StaticMeshActor_UAID_088FC366BE09BF3002_2022160799 Label:Box6 SpatiallyLoaded:1 Bounds:IsValid=true, Min=(X=-1200.000 Y=-600.000 Z=-930.000), Max=(X=-600.000 Y=600.000 Z=-910.000) RuntimeGrid:None EditorOnly:0 RuntimeOnly:0 HLODRelevant:1 ListedInSceneOutliner:1 IsMainWorldOnly:0 FolderPath:Map FolderGuid:71100F444C781E2ADAF1D38D1B722569
 |   |   |- Guid:6FEFB3BD4EB37B849EF0D4AC80F83855 BaseClass: NativeClass:/Script/Engine.WorldDataLayers Name:WorldDataLayers Label:WorldDataLayers SpatiallyLoaded:0 Bounds:Invalid RuntimeGrid:None EditorOnly:0 RuntimeOnly:0 HLODRelevant:0 ListedInSceneOutliner:1 IsMainWorldOnly:1 FolderPath:Player FolderGuid:0E9829E94D4A3D2EFD85049C9C43D45B
 |   |   |- Guid:825E32234978DDCF51F172B7114AE952 BaseClass: NativeClass:/Script/Engine.StaticMeshActor Name:StaticMeshActor_UAID_088FC366BE09C63002_1584011068 Label:Box19 SpatiallyLoaded:1 Bounds:IsValid=true, Min=(X=880.000 Y=270.000 Z=30.000), Max=(X=1180.000 Y=290.000 Z=380.000) RuntimeGrid:None EditorOnly:0 RuntimeOnly:0 HLODRelevant:1 ListedInSceneOutliner:1 IsMainWorldOnly:0
 |   |   |- Guid:87E111AA48BFB41F95B7E9A301ADB965 BaseClass: NativeClass:/Script/Engine.StaticMeshActor Name:StaticMeshActor_UAID_088FC366BE09C33002_1567959536 Label:Box15 SpatiallyLoaded:1 Bounds:IsValid=true, Min=(X=-1200.000 Y=-600.000 Z=-540.000), Max=(X=300.000 Y=600.000 Z=-500.000) RuntimeGrid:None EditorOnly:0 RuntimeOnly:0 HLODRelevant:1 ListedInSceneOutliner:1 IsMainWorldOnly:0 FolderPath:Map FolderGuid:71100F444C781E2ADAF1D38D1B722569
 |   |   |- Guid:9467F78E458270F6C3D6F7AC1D3438D5 BaseClass: NativeClass:/Script/Engine.StaticMeshActor Name:StaticMeshActor_UAID_088FC366BE09C63002_1753767071 Label:Box22 SpatiallyLoaded:1 Bounds:IsValid=true, Min=(X=1180.000 Y=260.000 Z=30.000), Max=(X=1200.000 Y=600.000 Z=380.000) RuntimeGrid:None EditorOnly:0 RuntimeOnly:0 HLODRelevant:1 ListedInSceneOutliner:1 IsMainWorldOnly:0
 |   |   |- Guid:9AA013D547AEBF3CF2DCF488AA2D9939 BaseClass: NativeClass:/Script/Engine.StaticMeshActor Name:StaticMeshActor_UAID_088FC366BE09322F02_1320778929 Label:Boolean2 SpatiallyLoaded:1 Bounds:IsValid=true, Min=(X=-1200.000 Y=-600.000 Z=30.000), Max=(X=-1180.000 Y=600.000 Z=380.000) RuntimeGrid:None EditorOnly:0 RuntimeOnly:0 HLODRelevant:1 ListedInSceneOutliner:1 IsMainWorldOnly:0 FolderPath:Map FolderGuid:71100F444C781E2ADAF1D38D1B722569
 |   |   |- Guid:9B2C513D49CDEA816DEC80B0013EC290 BaseClass: NativeClass:/Script/Engine.StaticMeshActor Name:StaticMeshActor_UAID_088FC366BE09C23002_1562441350 Label:Box10 SpatiallyLoaded:1 Bounds:IsValid=true, Min=(X=-600.000 Y=-600.000 Z=-930.000), Max=(X=-420.000 Y=600.000 Z=-890.000) RuntimeGrid:None EditorOnly:0 RuntimeOnly:0 HLODRelevant:1 ListedInSceneOutliner:1 IsMainWorldOnly:0 FolderPath:Map FolderGuid:71100F444C781E2ADAF1D38D1B722569
 |   |   |- Guid:A354B1B24E617A525DC6B48CCDE2417E BaseClass: NativeClass:/Script/Engine.PlayerStart Name:PlayerStart_0 Label:PlayerStart SpatiallyLoaded:0 Bounds:IsValid=true, Min=(X=-40.000 Y=-40.000 Z=38.000), Max=(X=40.000 Y=40.000 Z=222.000) RuntimeGrid:None EditorOnly:0 RuntimeOnly:0 HLODRelevant:0 ListedInSceneOutliner:1 IsMainWorldOnly:0 FolderPath:Player FolderGuid:0E9829E94D4A3D2EFD85049C9C43D45B
 |   |   |- Guid:B25AE75848CFA89B112872B1BD4EE833 BaseClass: NativeClass:/Script/Engine.StaticMeshActor Name:StaticMeshActor_UAID_088FC366BE09C63002_1502759067 Label:Box18 SpatiallyLoaded:1 Bounds:IsValid=true, Min=(X=880.000 Y=-280.000 Z=30.000), Max=(X=1180.000 Y=-260.000 Z=380.000) RuntimeGrid:None EditorOnly:0 RuntimeOnly:0 HLODRelevant:1 ListedInSceneOutliner:1 IsMainWorldOnly:0
 |   |   |- Guid:BF6E79D7413ED0501529618AE37C66C1 BaseClass: NativeClass:/Script/Engine.StaticMeshActor Name:StaticMeshActor_UAID_088FC366BE09C33002_1514746535 Label:Box14 SpatiallyLoaded:1 Bounds:IsValid=true, Min=(X=280.000 Y=-600.000 Z=-930.000), Max=(X=1200.000 Y=600.000 Z=-890.000) RuntimeGrid:None EditorOnly:0 RuntimeOnly:0 HLODRelevant:1 ListedInSceneOutliner:1 IsMainWorldOnly:0 FolderPath:Map FolderGuid:71100F444C781E2ADAF1D38D1B722569
 |   |   |- Guid:C0C56B9644AE3D40CAFF6A878DB29844 BaseClass: NativeClass:/Script/Engine.StaticMeshActor Name:StaticMeshActor_UAID_A4AE111137DC5EFB00_2001720423 Label:SM_SkySphere SpatiallyLoaded:0 Bounds:IsValid=true, Min=(X=-1638400.000 Y=-1638400.000 Z=-1638400.000), Max=(X=1638400.000 Y=1638400.000 Z=1638400.000) RuntimeGrid:None EditorOnly:0 RuntimeOnly:0 HLODRelevant:1 ListedInSceneOutliner:1 IsMainWorldOnly:0 FolderPath:Lighting FolderGuid:0BA5F0A04EADB18E70D5B180D08FA34B
 |   |   |- Guid:C22CE07C4B87D685137FDBBC10FC92C6 BaseClass: NativeClass:/Script/Engine.SkyAtmosphere Name:SkyAtmosphere_0 Label:SkyAtmosphere SpatiallyLoaded:0 Bounds:IsValid=true, Min=(X=0.000 Y=0.000 Z=1020.000), Max=(X=0.000 Y=0.000 Z=1020.000) RuntimeGrid:None EditorOnly:0 RuntimeOnly:0 HLODRelevant:0 ListedInSceneOutliner:1 IsMainWorldOnly:0 FolderPath:Lighting FolderGuid:0BA5F0A04EADB18E70D5B180D08FA34B
 |   |   |- Guid:CD2FF967457773D391DED196E7359BE2 BaseClass: NativeClass:/Script/Engine.StaticMeshActor Name:StaticMeshActor_UAID_088FC366BE091E2F02_1228606408 Label:Box3 SpatiallyLoaded:1 Bounds:IsValid=true, Min=(X=-1200.000 Y=-600.000 Z=30.000), Max=(X=1200.000 Y=-580.000 Z=380.000) RuntimeGrid:None EditorOnly:0 RuntimeOnly:0 HLODRelevant:1 ListedInSceneOutliner:1 IsMainWorldOnly:0 FolderPath:Map FolderGuid:71100F444C781E2ADAF1D38D1B722569
 |   |   |- Guid:CE8D82634660FCDB3120E2B8D547C533 BaseClass: NativeClass:/Script/Engine.PostProcessVolume Name:PostProcessVolume_0 Label:PostProcessVolume SpatiallyLoaded:0 Bounds:IsValid=true, Min=(X=0.000 Y=0.000 Z=400.000), Max=(X=200.000 Y=200.000 Z=600.000) RuntimeGrid:None EditorOnly:0 RuntimeOnly:0 HLODRelevant:0 ListedInSceneOutliner:1 IsMainWorldOnly:0 FolderPath:Lighting FolderGuid:0BA5F0A04EADB18E70D5B180D08FA34B
 |   |   |- Guid:D54B2AFE494A82DF89F798919C90A120 BaseClass: NativeClass:/Script/Engine.StaticMeshActor Name:StaticMeshActor_UAID_088FC366BE09C33002_1091504532 Label:Box11 SpatiallyLoaded:1 Bounds:IsValid=true, Min=(X=-1200.000 Y=-600.000 Z=420.000), Max=(X=-1180.000 Y=600.000 Z=770.000) RuntimeGrid:None EditorOnly:0 RuntimeOnly:0 HLODRelevant:1 ListedInSceneOutliner:1 IsMainWorldOnly:0 FolderPath:Map FolderGuid:71100F444C781E2ADAF1D38D1B722569
 |   |   |- Guid:E183643C453D322C3DC58998B60D07FF BaseClass: NativeClass:/Script/Engine.StaticMeshActor Name:StaticMeshActor_UAID_088FC366BE092D2D02_1941359936 Label:Box SpatiallyLoaded:1 Bounds:IsValid=true, Min=(X=-1200.000 Y=-600.000 Z=0.000), Max=(X=1200.000 Y=600.000 Z=30.000) RuntimeGrid:None EditorOnly:0 RuntimeOnly:0 HLODRelevant:1 ListedInSceneOutliner:1 IsMainWorldOnly:0 FolderPath:Map FolderGuid:71100F444C781E2ADAF1D38D1B722569
 |   |   |- Guid:E5320C1B4FD9764CE7B54D8487AEC613 BaseClass: NativeClass:/Script/Engine.SkyLight Name:SkyLight_0 Label:SkyLight SpatiallyLoaded:0 Bounds:IsValid=true, Min=(X=0.000 Y=0.000 Z=690.000), Max=(X=0.000 Y=0.000 Z=690.000) RuntimeGrid:None EditorOnly:0 RuntimeOnly:0 HLODRelevant:0 ListedInSceneOutliner:1 IsMainWorldOnly:0 FolderPath:Lighting FolderGuid:0BA5F0A04EADB18E70D5B180D08FA34B
 |   |   |- Guid:EA0B8C4146B609EC356E41A0F0AA5557 BaseClass: NativeClass:/Script/Engine.StaticMeshActor Name:StaticMeshActor_UAID_088FC366BE09C33002_1345960533 Label:Box12 SpatiallyLoaded:1 Bounds:IsValid=true, Min=(X=-1200.000 Y=-600.000 Z=380.000), Max=(X=300.000 Y=600.000 Z=770.000) RuntimeGrid:None EditorOnly:0 RuntimeOnly:0 HLODRelevant:1 ListedInSceneOutliner:1 IsMainWorldOnly:0 FolderPath:Map FolderGuid:71100F444C781E2ADAF1D38D1B722569
 |   |   |- Guid:F80621C9446867154938FE81375207DA BaseClass: NativeClass:/Script/Engine.DirectionalLight Name:DirectionalLight_1 Label:DirectionalLight SpatiallyLoaded:0 Bounds:IsValid=true, Min=(X=-4398046511104.000 Y=-4398046511104.000 Z=-4398046511104.000), Max=(X=4398046511104.000 Y=4398046511104.000 Z=4398046511104.000) RuntimeGrid:None EditorOnly:0 RuntimeOnly:0 HLODRelevant:0 ListedInSceneOutliner:1 IsMainWorldOnly:0 FolderPath:Lighting FolderGuid:0BA5F0A04EADB18E70D5B180D08FA34B
 |   |   |- Guid:FB81E33442BD6458215EF9BC25563A97 BaseClass: NativeClass:/Script/Engine.StaticMeshActor Name:StaticMeshActor_UAID_088FC366BE09C63002_1779760072 Label:Box23 SpatiallyLoaded:1 Bounds:IsValid=true, Min=(X=1180.000 Y=-600.000 Z=30.000), Max=(X=1200.000 Y=-260.000 Z=380.000) RuntimeGrid:None EditorOnly:0 RuntimeOnly:0 HLODRelevant:1 ListedInSceneOutliner:1 IsMainWorldOnly:0
 |   |- [+] Clusters:
 |   |   |- [+] [  0]
 |   |   |   |- Guid:13070C314A1CE2AA1B6B26A45733B185 BaseClass: NativeClass:/Script/Engine.StaticMeshActor Name:StaticMeshActor_UAID_088FC366BE09C63002_1593321069 Label:Box20 SpatiallyLoaded:1 Bounds:IsValid=true, Min=(X=880.000 Y=260.000 Z=30.000), Max=(X=1180.000 Y=280.000 Z=380.000) RuntimeGrid:None EditorOnly:0 RuntimeOnly:0 HLODRelevant:1 ListedInSceneOutliner:1 IsMainWorldOnly:0
 |   |   |- [+] [  1]
 |   |   |   |- Guid:139F012749DE5764CCB18FB0D6625E56 BaseClass: NativeClass:/Script/Engine.StaticMeshActor Name:StaticMeshActor_UAID_088FC366BE091E2F02_1199472407 Label:Box2 SpatiallyLoaded:1 Bounds:IsValid=true, Min=(X=-1200.000 Y=580.000 Z=30.000), Max=(X=1200.000 Y=600.000 Z=380.000) RuntimeGrid:None EditorOnly:0 RuntimeOnly:0 HLODRelevant:1 ListedInSceneOutliner:1 IsMainWorldOnly:0 FolderPath:Map FolderGuid:71100F444C781E2ADAF1D38D1B722569
 |   |   |- [+] [  2]
 |   |   |   |- Guid:24329D4E481EA26F9BF12089BDE2337F BaseClass: NativeClass:/Script/Engine.StaticMeshActor Name:StaticMeshActor_UAID_088FC366BE09322F02_1731134930 Label:Box4 SpatiallyLoaded:1 Bounds:IsValid=true, Min=(X=-1185.000 Y=100.000 Z=30.000), Max=(X=-605.000 Y=120.000 Z=380.000) RuntimeGrid:None EditorOnly:0 RuntimeOnly:0 HLODRelevant:1 ListedInSceneOutliner:1 IsMainWorldOnly:0 FolderPath:Map FolderGuid:71100F444C781E2ADAF1D38D1B722569
 |   |   |- [+] [  3]
 |   |   |   |- Guid:2766377843BBC95BC993A39986351EE1 BaseClass: NativeClass:/Script/Engine.StaticMeshActor Name:StaticMeshActor_UAID_088FC366BE09C63002_1600858070 Label:Box21 SpatiallyLoaded:1 Bounds:IsValid=true, Min=(X=880.000 Y=-290.000 Z=30.000), Max=(X=1180.000 Y=-270.000 Z=380.000) RuntimeGrid:None EditorOnly:0 RuntimeOnly:0 HLODRelevant:1 ListedInSceneOutliner:1 IsMainWorldOnly:0
 |   |   |- [+] [  4]
 |   |   |   |- Guid:321359A44805A6A379628B8C485D002E BaseClass: NativeClass:/Script/Engine.StaticMeshActor Name:StaticMeshActor_UAID_088FC366BE09322F02_2029794931 Label:Stairs SpatiallyLoaded:1 Bounds:IsValid=true, Min=(X=-420.000 Y=-565.000 Z=19.568), Max=(X=-80.000 Y=565.000 Z=420.432) RuntimeGrid:None EditorOnly:0 RuntimeOnly:0 HLODRelevant:1 ListedInSceneOutliner:1 IsMainWorldOnly:0 FolderPath:Map FolderGuid:71100F444C781E2ADAF1D38D1B722569
 |   |   |- [+] [  5]
 |   |   |   |- Guid:32C6C6F2423103962DBEBEB968D5D0FF BaseClass: NativeClass:/Script/Engine.SkeletalMeshActor Name:SkeletalMeshActor_UAID_088FC366BE09182F02_1337396351 Label:SK_Mannequin_Arms_Skeleton SpatiallyLoaded:1 Bounds:IsValid=true, Min=(X=-388.185 Y=258.130 Z=117.732), Max=(X=-271.815 Y=300.067 Z=182.063) RuntimeGrid:None EditorOnly:0 RuntimeOnly:0 HLODRelevant:0 ListedInSceneOutliner:1 IsMainWorldOnly:0 FolderPath:Player FolderGuid:0E9829E94D4A3D2EFD85049C9C43D45B
 |   |   |- [+] [  6]
 |   |   |   |- Guid:36E81C1D43361A98A8B889BAD99830EA BaseClass: NativeClass:/Script/Engine.StaticMeshActor Name:StaticMeshActor_UAID_088FC366BE09C23002_2043759353 Label:Box9 SpatiallyLoaded:1 Bounds:IsValid=true, Min=(X=-1200.000 Y=580.000 Z=30.000), Max=(X=1200.000 Y=600.000 Z=380.000) RuntimeGrid:None EditorOnly:0 RuntimeOnly:0 HLODRelevant:1 ListedInSceneOutliner:1 IsMainWorldOnly:0 FolderPath:Map FolderGuid:71100F444C781E2ADAF1D38D1B722569
 |   |   |- [+] [  7]
 |   |   |   |- Guid:475319CE43B9EB4410AA9EA42B6E8160 BaseClass: NativeClass:/Script/Engine.StaticMeshActor Name:StaticMeshActor_UAID_088FC366BE09C23002_1872305352 Label:Box8 SpatiallyLoaded:1 Bounds:IsValid=true, Min=(X=-600.000 Y=-400.000 Z=-930.000), Max=(X=-200.000 Y=400.000 Z=-890.000) RuntimeGrid:None EditorOnly:0 RuntimeOnly:0 HLODRelevant:1 ListedInSceneOutliner:1 IsMainWorldOnly:0 FolderPath:Map FolderGuid:71100F444C781E2ADAF1D38D1B722569
 |   |   |- [+] [  8]
 |   |   |   |- Guid:4F70362D459578CD9BE72C9723B97B07 BaseClass: NativeClass:/Script/Engine.StaticMeshActor Name:StaticMeshActor_UAID_088FC366BE09C33002_1371851534 Label:Box13 SpatiallyLoaded:1 Bounds:IsValid=true, Min=(X=280.000 Y=-600.000 Z=-890.000), Max=(X=300.000 Y=600.000 Z=-540.000) RuntimeGrid:None EditorOnly:0 RuntimeOnly:0 HLODRelevant:1 ListedInSceneOutliner:1 IsMainWorldOnly:0 FolderPath:Map FolderGuid:71100F444C781E2ADAF1D38D1B722569
 |   |   |- [+] [  9]
 |   |   |   |- Guid:512899484C32F0AEC9F346A127878F36 BaseClass: NativeClass:/Script/Engine.StaticMeshActor Name:StaticMeshActor_UAID_088FC366BE09BF3002_2037048800 Label:Box7 SpatiallyLoaded:1 Bounds:IsValid=true, Min=(X=-1200.000 Y=-600.000 Z=-910.000), Max=(X=-600.000 Y=600.000 Z=-890.000) RuntimeGrid:None EditorOnly:0 RuntimeOnly:0 HLODRelevant:1 ListedInSceneOutliner:1 IsMainWorldOnly:0 FolderPath:Map FolderGuid:71100F444C781E2ADAF1D38D1B722569
 |   |   |- [+] [ 10]
 |   |   |   |- Guid:5FE7584649BB6F09265329A6C57CFD0D BaseClass: NativeClass:/Script/Engine.VolumetricCloud Name:VolumetricCloud_0 Label:VolumetricCloud SpatiallyLoaded:0 Bounds:IsValid=true, Min=(X=0.000 Y=0.000 Z=820.000), Max=(X=0.000 Y=0.000 Z=820.000) RuntimeGrid:None EditorOnly:0 RuntimeOnly:0 HLODRelevant:0 ListedInSceneOutliner:1 IsMainWorldOnly:0 FolderPath:Lighting FolderGuid:0BA5F0A04EADB18E70D5B180D08FA34B
 |   |   |- [+] [ 11]
 |   |   |   |- Guid:61391D344900612A77DFC3BA3E354907 BaseClass: NativeClass:/Script/Engine.ExponentialHeightFog Name:ExponentialHeightFog_0 Label:ExponentialHeightFog SpatiallyLoaded:0 Bounds:IsValid=true, Min=(X=-5600.000 Y=-50.000 Z=-6850.000), Max=(X=-5600.000 Y=-50.000 Z=-6850.000) RuntimeGrid:None EditorOnly:0 RuntimeOnly:0 HLODRelevant:0 ListedInSceneOutliner:1 IsMainWorldOnly:0 FolderPath:Lighting FolderGuid:0BA5F0A04EADB18E70D5B180D08FA34B
 |   |   |- [+] [ 12]
 |   |   |   |- Guid:62469D85448CD02D2181728177D898A5 BaseClass: NativeClass:/Script/Engine.StaticMeshActor Name:StaticMeshActor_UAID_088FC366BE09332F02_1565950108 Label:Box5 SpatiallyLoaded:1 Bounds:IsValid=true, Min=(X=-610.000 Y=-585.000 Z=30.000), Max=(X=-590.000 Y=585.000 Z=380.000) RuntimeGrid:None EditorOnly:0 RuntimeOnly:0 HLODRelevant:1 ListedInSceneOutliner:1 IsMainWorldOnly:0 FolderPath:Map FolderGuid:71100F444C781E2ADAF1D38D1B722569
 |   |   |- [+] [ 13]
 |   |   |   |- Guid:65DE6B8C4FF3288EF38B97A73E2865DA BaseClass: NativeClass:/Script/Engine.StaticMeshActor Name:StaticMeshActor_UAID_088FC366BE09C03002_1584683980 Label:Cylinder SpatiallyLoaded:1 Bounds:IsValid=true, Min=(X=-305.000 Y=-455.000 Z=30.000), Max=(X=-195.000 Y=445.000 Z=420.000) RuntimeGrid:None EditorOnly:0 RuntimeOnly:0 HLODRelevant:1 ListedInSceneOutliner:1 IsMainWorldOnly:0 FolderPath:Map FolderGuid:71100F444C781E2ADAF1D38D1B722569
 |   |   |- [+] [ 14]
 |   |   |   |- Guid:6FC102284E8DF6B6F8281791254227E8 BaseClass: NativeClass:/Script/Engine.StaticMeshActor Name:StaticMeshActor_UAID_088FC366BE09BF3002_2022160799 Label:Box6 SpatiallyLoaded:1 Bounds:IsValid=true, Min=(X=-1200.000 Y=-600.000 Z=-930.000), Max=(X=-600.000 Y=600.000 Z=-910.000) RuntimeGrid:None EditorOnly:0 RuntimeOnly:0 HLODRelevant:1 ListedInSceneOutliner:1 IsMainWorldOnly:0 FolderPath:Map FolderGuid:71100F444C781E2ADAF1D38D1B722569
 |   |   |- [+] [ 15]
 |   |   |   |- Guid:6FEFB3BD4EB37B849EF0D4AC80F83855 BaseClass: NativeClass:/Script/Engine.WorldDataLayers Name:WorldDataLayers Label:WorldDataLayers SpatiallyLoaded:0 Bounds:Invalid RuntimeGrid:None EditorOnly:0 RuntimeOnly:0 HLODRelevant:0 ListedInSceneOutliner:1 IsMainWorldOnly:1 FolderPath:Player FolderGuid:0E9829E94D4A3D2EFD85049C9C43D45B
 |   |   |- [+] [ 16]
 |   |   |   |- Guid:825E32234978DDCF51F172B7114AE952 BaseClass: NativeClass:/Script/Engine.StaticMeshActor Name:StaticMeshActor_UAID_088FC366BE09C63002_1584011068 Label:Box19 SpatiallyLoaded:1 Bounds:IsValid=true, Min=(X=880.000 Y=270.000 Z=30.000), Max=(X=1180.000 Y=290.000 Z=380.000) RuntimeGrid:None EditorOnly:0 RuntimeOnly:0 HLODRelevant:1 ListedInSceneOutliner:1 IsMainWorldOnly:0
 |   |   |- [+] [ 17]
 |   |   |   |- Guid:87E111AA48BFB41F95B7E9A301ADB965 BaseClass: NativeClass:/Script/Engine.StaticMeshActor Name:StaticMeshActor_UAID_088FC366BE09C33002_1567959536 Label:Box15 SpatiallyLoaded:1 Bounds:IsValid=true, Min=(X=-1200.000 Y=-600.000 Z=-540.000), Max=(X=300.000 Y=600.000 Z=-500.000) RuntimeGrid:None EditorOnly:0 RuntimeOnly:0 HLODRelevant:1 ListedInSceneOutliner:1 IsMainWorldOnly:0 FolderPath:Map FolderGuid:71100F444C781E2ADAF1D38D1B722569
 |   |   |- [+] [ 18]
 |   |   |   |- Guid:9467F78E458270F6C3D6F7AC1D3438D5 BaseClass: NativeClass:/Script/Engine.StaticMeshActor Name:StaticMeshActor_UAID_088FC366BE09C63002_1753767071 Label:Box22 SpatiallyLoaded:1 Bounds:IsValid=true, Min=(X=1180.000 Y=260.000 Z=30.000), Max=(X=1200.000 Y=600.000 Z=380.000) RuntimeGrid:None EditorOnly:0 RuntimeOnly:0 HLODRelevant:1 ListedInSceneOutliner:1 IsMainWorldOnly:0
 |   |   |- [+] [ 19]
 |   |   |   |- Guid:9AA013D547AEBF3CF2DCF488AA2D9939 BaseClass: NativeClass:/Script/Engine.StaticMeshActor Name:StaticMeshActor_UAID_088FC366BE09322F02_1320778929 Label:Boolean2 SpatiallyLoaded:1 Bounds:IsValid=true, Min=(X=-1200.000 Y=-600.000 Z=30.000), Max=(X=-1180.000 Y=600.000 Z=380.000) RuntimeGrid:None EditorOnly:0 RuntimeOnly:0 HLODRelevant:1 ListedInSceneOutliner:1 IsMainWorldOnly:0 FolderPath:Map FolderGuid:71100F444C781E2ADAF1D38D1B722569
 |   |   |- [+] [ 20]
 |   |   |   |- Guid:9B2C513D49CDEA816DEC80B0013EC290 BaseClass: NativeClass:/Script/Engine.StaticMeshActor Name:StaticMeshActor_UAID_088FC366BE09C23002_1562441350 Label:Box10 SpatiallyLoaded:1 Bounds:IsValid=true, Min=(X=-600.000 Y=-600.000 Z=-930.000), Max=(X=-420.000 Y=600.000 Z=-890.000) RuntimeGrid:None EditorOnly:0 RuntimeOnly:0 HLODRelevant:1 ListedInSceneOutliner:1 IsMainWorldOnly:0 FolderPath:Map FolderGuid:71100F444C781E2ADAF1D38D1B722569
 |   |   |- [+] [ 21]
 |   |   |   |- Guid:A354B1B24E617A525DC6B48CCDE2417E BaseClass: NativeClass:/Script/Engine.PlayerStart Name:PlayerStart_0 Label:PlayerStart SpatiallyLoaded:0 Bounds:IsValid=true, Min=(X=-40.000 Y=-40.000 Z=38.000), Max=(X=40.000 Y=40.000 Z=222.000) RuntimeGrid:None EditorOnly:0 RuntimeOnly:0 HLODRelevant:0 ListedInSceneOutliner:1 IsMainWorldOnly:0 FolderPath:Player FolderGuid:0E9829E94D4A3D2EFD85049C9C43D45B
 |   |   |- [+] [ 22]
 |   |   |   |- Guid:B25AE75848CFA89B112872B1BD4EE833 BaseClass: NativeClass:/Script/Engine.StaticMeshActor Name:StaticMeshActor_UAID_088FC366BE09C63002_1502759067 Label:Box18 SpatiallyLoaded:1 Bounds:IsValid=true, Min=(X=880.000 Y=-280.000 Z=30.000), Max=(X=1180.000 Y=-260.000 Z=380.000) RuntimeGrid:None EditorOnly:0 RuntimeOnly:0 HLODRelevant:1 ListedInSceneOutliner:1 IsMainWorldOnly:0
 |   |   |- [+] [ 23]
 |   |   |   |- Guid:BF6E79D7413ED0501529618AE37C66C1 BaseClass: NativeClass:/Script/Engine.StaticMeshActor Name:StaticMeshActor_UAID_088FC366BE09C33002_1514746535 Label:Box14 SpatiallyLoaded:1 Bounds:IsValid=true, Min=(X=280.000 Y=-600.000 Z=-930.000), Max=(X=1200.000 Y=600.000 Z=-890.000) RuntimeGrid:None EditorOnly:0 RuntimeOnly:0 HLODRelevant:1 ListedInSceneOutliner:1 IsMainWorldOnly:0 FolderPath:Map FolderGuid:71100F444C781E2ADAF1D38D1B722569
 |   |   |- [+] [ 24]
 |   |   |   |- Guid:C0C56B9644AE3D40CAFF6A878DB29844 BaseClass: NativeClass:/Script/Engine.StaticMeshActor Name:StaticMeshActor_UAID_A4AE111137DC5EFB00_2001720423 Label:SM_SkySphere SpatiallyLoaded:0 Bounds:IsValid=true, Min=(X=-1638400.000 Y=-1638400.000 Z=-1638400.000), Max=(X=1638400.000 Y=1638400.000 Z=1638400.000) RuntimeGrid:None EditorOnly:0 RuntimeOnly:0 HLODRelevant:1 ListedInSceneOutliner:1 IsMainWorldOnly:0 FolderPath:Lighting FolderGuid:0BA5F0A04EADB18E70D5B180D08FA34B
 |   |   |- [+] [ 25]
 |   |   |   |- Guid:C22CE07C4B87D685137FDBBC10FC92C6 BaseClass: NativeClass:/Script/Engine.SkyAtmosphere Name:SkyAtmosphere_0 Label:SkyAtmosphere SpatiallyLoaded:0 Bounds:IsValid=true, Min=(X=0.000 Y=0.000 Z=1020.000), Max=(X=0.000 Y=0.000 Z=1020.000) RuntimeGrid:None EditorOnly:0 RuntimeOnly:0 HLODRelevant:0 ListedInSceneOutliner:1 IsMainWorldOnly:0 FolderPath:Lighting FolderGuid:0BA5F0A04EADB18E70D5B180D08FA34B
 |   |   |- [+] [ 26]
 |   |   |   |- Guid:CD2FF967457773D391DED196E7359BE2 BaseClass: NativeClass:/Script/Engine.StaticMeshActor Name:StaticMeshActor_UAID_088FC366BE091E2F02_1228606408 Label:Box3 SpatiallyLoaded:1 Bounds:IsValid=true, Min=(X=-1200.000 Y=-600.000 Z=30.000), Max=(X=1200.000 Y=-580.000 Z=380.000) RuntimeGrid:None EditorOnly:0 RuntimeOnly:0 HLODRelevant:1 ListedInSceneOutliner:1 IsMainWorldOnly:0 FolderPath:Map FolderGuid:71100F444C781E2ADAF1D38D1B722569
 |   |   |- [+] [ 27]
 |   |   |   |- Guid:CE8D82634660FCDB3120E2B8D547C533 BaseClass: NativeClass:/Script/Engine.PostProcessVolume Name:PostProcessVolume_0 Label:PostProcessVolume SpatiallyLoaded:0 Bounds:IsValid=true, Min=(X=0.000 Y=0.000 Z=400.000), Max=(X=200.000 Y=200.000 Z=600.000) RuntimeGrid:None EditorOnly:0 RuntimeOnly:0 HLODRelevant:0 ListedInSceneOutliner:1 IsMainWorldOnly:0 FolderPath:Lighting FolderGuid:0BA5F0A04EADB18E70D5B180D08FA34B
 |   |   |- [+] [ 28]
 |   |   |   |- Guid:D54B2AFE494A82DF89F798919C90A120 BaseClass: NativeClass:/Script/Engine.StaticMeshActor Name:StaticMeshActor_UAID_088FC366BE09C33002_1091504532 Label:Box11 SpatiallyLoaded:1 Bounds:IsValid=true, Min=(X=-1200.000 Y=-600.000 Z=420.000), Max=(X=-1180.000 Y=600.000 Z=770.000) RuntimeGrid:None EditorOnly:0 RuntimeOnly:0 HLODRelevant:1 ListedInSceneOutliner:1 IsMainWorldOnly:0 FolderPath:Map FolderGuid:71100F444C781E2ADAF1D38D1B722569
 |   |   |- [+] [ 29]
 |   |   |   |- Guid:E183643C453D322C3DC58998B60D07FF BaseClass: NativeClass:/Script/Engine.StaticMeshActor Name:StaticMeshActor_UAID_088FC366BE092D2D02_1941359936 Label:Box SpatiallyLoaded:1 Bounds:IsValid=true, Min=(X=-1200.000 Y=-600.000 Z=0.000), Max=(X=1200.000 Y=600.000 Z=30.000) RuntimeGrid:None EditorOnly:0 RuntimeOnly:0 HLODRelevant:1 ListedInSceneOutliner:1 IsMainWorldOnly:0 FolderPath:Map FolderGuid:71100F444C781E2ADAF1D38D1B722569
 |   |   |- [+] [ 30]
 |   |   |   |- Guid:E5320C1B4FD9764CE7B54D8487AEC613 BaseClass: NativeClass:/Script/Engine.SkyLight Name:SkyLight_0 Label:SkyLight SpatiallyLoaded:0 Bounds:IsValid=true, Min=(X=0.000 Y=0.000 Z=690.000), Max=(X=0.000 Y=0.000 Z=690.000) RuntimeGrid:None EditorOnly:0 RuntimeOnly:0 HLODRelevant:0 ListedInSceneOutliner:1 IsMainWorldOnly:0 FolderPath:Lighting FolderGuid:0BA5F0A04EADB18E70D5B180D08FA34B
 |   |   |- [+] [ 31]
 |   |   |   |- Guid:EA0B8C4146B609EC356E41A0F0AA5557 BaseClass: NativeClass:/Script/Engine.StaticMeshActor Name:StaticMeshActor_UAID_088FC366BE09C33002_1345960533 Label:Box12 SpatiallyLoaded:1 Bounds:IsValid=true, Min=(X=-1200.000 Y=-600.000 Z=380.000), Max=(X=300.000 Y=600.000 Z=770.000) RuntimeGrid:None EditorOnly:0 RuntimeOnly:0 HLODRelevant:1 ListedInSceneOutliner:1 IsMainWorldOnly:0 FolderPath:Map FolderGuid:71100F444C781E2ADAF1D38D1B722569
 |   |   |- [+] [ 32]
 |   |   |   |- Guid:F80621C9446867154938FE81375207DA BaseClass: NativeClass:/Script/Engine.DirectionalLight Name:DirectionalLight_1 Label:DirectionalLight SpatiallyLoaded:0 Bounds:IsValid=true, Min=(X=-4398046511104.000 Y=-4398046511104.000 Z=-4398046511104.000), Max=(X=4398046511104.000 Y=4398046511104.000 Z=4398046511104.000) RuntimeGrid:None EditorOnly:0 RuntimeOnly:0 HLODRelevant:0 ListedInSceneOutliner:1 IsMainWorldOnly:0 FolderPath:Lighting FolderGuid:0BA5F0A04EADB18E70D5B180D08FA34B
 |   |   |- [+] [ 33]
 |   |   |   |- Guid:FB81E33442BD6458215EF9BC25563A97 BaseClass: NativeClass:/Script/Engine.StaticMeshActor Name:StaticMeshActor_UAID_088FC366BE09C63002_1779760072 Label:Box23 SpatiallyLoaded:1 Bounds:IsValid=true, Min=(X=1180.000 Y=-600.000 Z=30.000), Max=(X=1200.000 Y=-260.000 Z=380.000) RuntimeGrid:None EditorOnly:0 RuntimeOnly:0 HLODRelevant:1 ListedInSceneOutliner:1 IsMainWorldOnly:0
 |- ContainerInstances:
 |- [+] MainContainer:
 |   |-        ID: 00000000000000000000000000000000
 |   |-  ParentID: 00000000000000000000000000000000
 |   |-    Bounds: IsValid=false, Min=(X=0.000 Y=0.000 Z=0.000), Max=(X=0.000 Y=0.000 Z=0.000)
 |   |- Transform: 0.000000,0.000000,0.000000|0.000000,0.000000,-0.000000|1.000000,1.000000,1.000000
 |   |- Container: /Game/FirstPerson/Maps/FirstPersonMap
----------------------------------------------------------------------------------------------------------------
FirstPersonMap - Persistent Level
----------------------------------------------------------------------------------------------------------------
[+] Content of FirstPersonMap Persistent Level
 |- Always loaded Actor Count: 42 
 |- Actor Path: /Game/FirstPerson/Maps/FirstPersonMap.FirstPersonMap:PersistentLevel.AbstractNavData-Default
 |- Actor Package: /Game/FirstPerson/Maps/FirstPersonMap
 |- Actor Path: /Game/FirstPerson/Maps/FirstPersonMap.FirstPersonMap:PersistentLevel.Brush_0
 |- Actor Package: /Game/FirstPerson/Maps/FirstPersonMap
 |- Actor Path: /Game/FirstPerson/Maps/FirstPersonMap.FirstPersonMap:PersistentLevel.CombinedTransformGizmoActor_0
 |- Actor Package: /Game/FirstPerson/Maps/FirstPersonMap
 |- Actor Path: /Game/FirstPerson/Maps/FirstPersonMap.FirstPersonMap:PersistentLevel.DefaultPhysicsVolume_0
 |- Actor Package: /Game/FirstPerson/Maps/FirstPersonMap
 |- Actor Path: /Game/FirstPerson/Maps/FirstPersonMap.FirstPersonMap:PersistentLevel.DirectionalLight_1
 |- Actor Package: /Game/__ExternalActors__/FirstPerson/Maps/FirstPersonMap/0/WB/V4ALNTJYOVWM8BU452CKV5
 |- Actor Path: /Game/FirstPerson/Maps/FirstPersonMap.FirstPersonMap:PersistentLevel.ExponentialHeightFog_0
 |- Actor Package: /Game/__ExternalActors__/FirstPerson/Maps/FirstPersonMap/0/CL/381LM03PFI8AF9NED1SEV2
 |- Actor Path: /Game/FirstPerson/Maps/FirstPersonMap.FirstPersonMap:PersistentLevel.FirstPersonExampleMap_C_1
 |- Actor Package: /Game/FirstPerson/Maps/FirstPersonMap
 |- Actor Path: /Game/FirstPerson/Maps/FirstPersonMap.FirstPersonMap:PersistentLevel.GameplayDebuggerPlayerManager_0
 |- Actor Package: /Game/FirstPerson/Maps/FirstPersonMap
 |- Actor Path: /Game/FirstPerson/Maps/FirstPersonMap.FirstPersonMap:PersistentLevel.PlayerStart_0
 |- Actor Package: /Game/__ExternalActors__/FirstPerson/Maps/FirstPersonMap/8/Z7/W1SXRCM1KAKBJOIZDLHZ47
 |- Actor Path: /Game/FirstPerson/Maps/FirstPersonMap.FirstPersonMap:PersistentLevel.PostProcessVolume_0
 |- Actor Package: /Game/__ExternalActors__/FirstPerson/Maps/FirstPersonMap/E/MX/R1GV431P5FDO08OFULRA01
 |- Actor Path: /Game/FirstPerson/Maps/FirstPersonMap.FirstPersonMap:PersistentLevel.SkeletalMeshActor_UAID_088FC366BE09182F02_1337396351
 |- Actor Package: /Game/__ExternalActors__/FirstPerson/Maps/FirstPersonMap/6/8L/M5J1PUVPJ2ENJV9QFOTP6L
 |- Actor Path: /Game/FirstPerson/Maps/FirstPersonMap.FirstPersonMap:PersistentLevel.SkyAtmosphere_0
 |- Actor Package: /Game/__ExternalActors__/FirstPerson/Maps/FirstPersonMap/C/VO/VMN4G7K3NKKV6F8HTPHHDB
 |- Actor Path: /Game/FirstPerson/Maps/FirstPersonMap.FirstPersonMap:PersistentLevel.SkyLight_0
 |- Actor Package: /Game/__ExternalActors__/FirstPerson/Maps/FirstPersonMap/6/0Z/5RQIHCZ9W3UXRGL4LTLQAK
 |- Actor Path: /Game/FirstPerson/Maps/FirstPersonMap.FirstPersonMap:PersistentLevel.StaticMeshActor_UAID_088FC366BE091E2F02_1199472407
 |- Actor Package: /Game/__ExternalActors__/FirstPerson/Maps/FirstPersonMap/9/W8/0XPDM23PPSV5RDKTAJIY57
 |- Actor Path: /Game/FirstPerson/Maps/FirstPersonMap.FirstPersonMap:PersistentLevel.StaticMeshActor_UAID_088FC366BE091E2F02_1228606408
 |- Actor Package: /Game/__ExternalActors__/FirstPerson/Maps/FirstPersonMap/8/4W/V0STVFQMURJSL4O0XJ2P40
 |- Actor Path: /Game/FirstPerson/Maps/FirstPersonMap.FirstPersonMap:PersistentLevel.StaticMeshActor_UAID_088FC366BE092D2D02_1941359936
 |- Actor Package: /Game/__ExternalActors__/FirstPerson/Maps/FirstPersonMap/2/7M/B1TV24QA99NPA0MTZVPU5I
 |- Actor Path: /Game/FirstPerson/Maps/FirstPersonMap.FirstPersonMap:PersistentLevel.StaticMeshActor_UAID_088FC366BE09322F02_1320778929
 |- Actor Package: /Game/__ExternalActors__/FirstPerson/Maps/FirstPersonMap/B/LX/5QPEFUR0JPK3CZQ7RIUKQA
 |- Actor Path: /Game/FirstPerson/Maps/FirstPersonMap.FirstPersonMap:PersistentLevel.StaticMeshActor_UAID_088FC366BE09322F02_1731134930
 |- Actor Package: /Game/__ExternalActors__/FirstPerson/Maps/FirstPersonMap/0/PG/5R2OMNHQAXOPEG15ENCJ3F
 |- Actor Path: /Game/FirstPerson/Maps/FirstPersonMap.FirstPersonMap:PersistentLevel.StaticMeshActor_UAID_088FC366BE09322F02_2029794931
 |- Actor Package: /Game/__ExternalActors__/FirstPerson/Maps/FirstPersonMap/7/CB/RYE0REPUF90EUIG39ELFX8
 |- Actor Path: /Game/FirstPerson/Maps/FirstPersonMap.FirstPersonMap:PersistentLevel.StaticMeshActor_UAID_088FC366BE09332F02_1565950108
 |- Actor Package: /Game/__ExternalActors__/FirstPerson/Maps/FirstPersonMap/B/YO/1C1TP673TCURJ18S595N0V
 |- Actor Path: /Game/FirstPerson/Maps/FirstPersonMap.FirstPersonMap:PersistentLevel.StaticMeshActor_UAID_088FC366BE09BF3002_2022160799
 |- Actor Package: /Game/__ExternalActors__/FirstPerson/Maps/FirstPersonMap/F/0Z/8PW2BY2XPMC04KF46J5NN0
 |- Actor Path: /Game/FirstPerson/Maps/FirstPersonMap.FirstPersonMap:PersistentLevel.StaticMeshActor_UAID_088FC366BE09BF3002_2037048800
 |- Actor Package: /Game/__ExternalActors__/FirstPerson/Maps/FirstPersonMap/3/G2/X23T818K4UFV8UH4PN35D9
 |- Actor Path: /Game/FirstPerson/Maps/FirstPersonMap.FirstPersonMap:PersistentLevel.StaticMeshActor_UAID_088FC366BE09C03002_1584683980
 |- Actor Package: /Game/__ExternalActors__/FirstPerson/Maps/FirstPersonMap/2/R8/PDZJC6YZ0I4GO49XBZBQA0
 |- Actor Path: /Game/FirstPerson/Maps/FirstPersonMap.FirstPersonMap:PersistentLevel.StaticMeshActor_UAID_088FC366BE09C23002_1562441350
 |- Actor Package: /Game/__ExternalActors__/FirstPerson/Maps/FirstPersonMap/C/YA/2HO3CUNVE4GFR01LTW6UYF
 |- Actor Path: /Game/FirstPerson/Maps/FirstPersonMap.FirstPersonMap:PersistentLevel.StaticMeshActor_UAID_088FC366BE09C23002_1872305352
 |- Actor Package: /Game/__ExternalActors__/FirstPerson/Maps/FirstPersonMap/B/3C/BC4XG7HHXNPQFW121XRW9I
 |- Actor Path: /Game/FirstPerson/Maps/FirstPersonMap.FirstPersonMap:PersistentLevel.StaticMeshActor_UAID_088FC366BE09C23002_2043759353
 |- Actor Package: /Game/__ExternalActors__/FirstPerson/Maps/FirstPersonMap/4/HB/863T2I8K3X88UJHLXZWKO2
 |- Actor Path: /Game/FirstPerson/Maps/FirstPersonMap.FirstPersonMap:PersistentLevel.StaticMeshActor_UAID_088FC366BE09C33002_1091504532
 |- Actor Package: /Game/__ExternalActors__/FirstPerson/Maps/FirstPersonMap/7/AD/QPKBGEZZW9R4KAYAXASGDX
 |- Actor Path: /Game/FirstPerson/Maps/FirstPersonMap.FirstPersonMap:PersistentLevel.StaticMeshActor_UAID_088FC366BE09C33002_1345960533
 |- Actor Package: /Game/__ExternalActors__/FirstPerson/Maps/FirstPersonMap/4/Y0/IW2OPATSNMD1R4M32BY037
 |- Actor Path: /Game/FirstPerson/Maps/FirstPersonMap.FirstPersonMap:PersistentLevel.StaticMeshActor_UAID_088FC366BE09C33002_1371851534
 |- Actor Package: /Game/__ExternalActors__/FirstPerson/Maps/FirstPersonMap/E/G6/6EBGRAMBKG5J309J0TNIMT
 |- Actor Path: /Game/FirstPerson/Maps/FirstPersonMap.FirstPersonMap:PersistentLevel.StaticMeshActor_UAID_088FC366BE09C33002_1514746535
 |- Actor Package: /Game/__ExternalActors__/FirstPerson/Maps/FirstPersonMap/0/76/ETK95DUXR3NV6K4TS6Z7RS
 |- Actor Path: /Game/FirstPerson/Maps/FirstPersonMap.FirstPersonMap:PersistentLevel.StaticMeshActor_UAID_088FC366BE09C33002_1567959536
 |- Actor Package: /Game/__ExternalActors__/FirstPerson/Maps/FirstPersonMap/C/6A/MBHF4L02PJ52ZXWO3X2FH4
 |- Actor Path: /Game/FirstPerson/Maps/FirstPersonMap.FirstPersonMap:PersistentLevel.StaticMeshActor_UAID_088FC366BE09C63002_1502759067
 |- Actor Package: /Game/__ExternalActors__/FirstPerson/Maps/FirstPersonMap/8/D5/YA5MSIR9HMIY0PWN8U8AUH
 |- Actor Path: /Game/FirstPerson/Maps/FirstPersonMap.FirstPersonMap:PersistentLevel.StaticMeshActor_UAID_088FC366BE09C63002_1584011068
 |- Actor Package: /Game/__ExternalActors__/FirstPerson/Maps/FirstPersonMap/B/90/73NXEKYSCLBMV2EFKYE9K1
 |- Actor Path: /Game/FirstPerson/Maps/FirstPersonMap.FirstPersonMap:PersistentLevel.StaticMeshActor_UAID_088FC366BE09C63002_1593321069
 |- Actor Package: /Game/__ExternalActors__/FirstPerson/Maps/FirstPersonMap/5/BD/SR7VNLWMKEP79FTF2DDKRM
 |- Actor Path: /Game/FirstPerson/Maps/FirstPersonMap.FirstPersonMap:PersistentLevel.StaticMeshActor_UAID_088FC366BE09C63002_1600858070
 |- Actor Package: /Game/__ExternalActors__/FirstPerson/Maps/FirstPersonMap/5/9W/2ZXHHLNN2153AY95NHEJQF
 |- Actor Path: /Game/FirstPerson/Maps/FirstPersonMap.FirstPersonMap:PersistentLevel.StaticMeshActor_UAID_088FC366BE09C63002_1753767071
 |- Actor Package: /Game/__ExternalActors__/FirstPerson/Maps/FirstPersonMap/0/J2/YHPZFQWL37SYX7I34KMT9M
 |- Actor Path: /Game/FirstPerson/Maps/FirstPersonMap.FirstPersonMap:PersistentLevel.StaticMeshActor_UAID_088FC366BE09C63002_1779760072
 |- Actor Package: /Game/__ExternalActors__/FirstPerson/Maps/FirstPersonMap/D/DH/C6WCSLI2KX3NYAP252QS9L
 |- Actor Path: /Game/FirstPerson/Maps/FirstPersonMap.FirstPersonMap:PersistentLevel.StaticMeshActor_UAID_A4AE111137DC5EFB00_2001720423
 |- Actor Package: /Game/__ExternalActors__/FirstPerson/Maps/FirstPersonMap/C/ZU/PDQ0AB8RLNMVID876FD49G
 |- Actor Path: /Game/FirstPerson/Maps/FirstPersonMap.FirstPersonMap:PersistentLevel.VolumetricCloud_0
 |- Actor Package: /Game/__ExternalActors__/FirstPerson/Maps/FirstPersonMap/0/GO/I8WEFD3RY9V3NVQLSU6QM4
 |- Actor Path: /Game/FirstPerson/Maps/FirstPersonMap.FirstPersonMap:PersistentLevel.WorldDataLayers
 |- Actor Package: /Game/__ExternalActors__/FirstPerson/Maps/FirstPersonMap/D/0W/E1FKEGVKGOLM7HGLQPCIPO
 |- Actor Path: /Game/FirstPerson/Maps/FirstPersonMap.FirstPersonMap:PersistentLevel.WorldInfo_0
 |- Actor Package: /Game/FirstPerson/Maps/FirstPersonMap
 |- Actor Path: /Game/FirstPerson/Maps/FirstPersonMap.FirstPersonMap:PersistentLevel.WorldPartitionMiniMap_0
 |- Actor Package: /Game/__ExternalActors__/FirstPerson/Maps/FirstPersonMap/4/CR/SRVPLA8UNZ8XIIP0E036DI

----------------------------------------------------------------------------------------------------------------
FirstPersonMap - Runtime Spatial Hash - Streaming Grid - MainGrid
----------------------------------------------------------------------------------------------------------------
            Origin: X=0.000 Y=0.000 Z=0.000
         Cell Size: 12800
      World Bounds: IsValid=false, Min=(X=0.000 Y=0.000 Z=0.000), Max=(X=0.000 Y=0.000 Z=0.000)
     Loading Range: 25600.00
Block Slow Loading: No
 ClientOnlyVisible: No
            Origin: X=0.000 Y=0.000 Z=0.000

[+] Grid Levels: 1
 |- Level  0: Cell Count    0 | Cell Size   12800 | Actor Count    0 (0.0%)

[+] Content of Grid Level 0

